c:\users\marissa\documents\github\facemapping2\cput\build\intermediate\x32\debug_dx\v120\vc120.pdb
c:\users\marissa\documents\github\facemapping2\cput\build\intermediate\x32\debug_dx\v120\vc120.idb
c:\users\marissa\documents\github\facemapping2\cput\build\intermediate\x32\debug_dx\v120\stb_image.obj
c:\users\marissa\documents\github\facemapping2\cput\build\intermediate\x32\debug_dx\v120\cputcamera.obj
c:\users\marissa\documents\github\facemapping2\cput\build\intermediate\x32\debug_dx\v120\cputitttaskmarker.obj
c:\users\marissa\documents\github\facemapping2\cput\build\intermediate\x32\debug_dx\v120\cputperftaskmarker.obj
c:\users\marissa\documents\github\facemapping2\cput\build\intermediate\x32\debug_dx\v120\cputsoftwaremesh.obj
c:\users\marissa\documents\github\facemapping2\cput\build\intermediate\x32\debug_dx\v120\cputgputimerdx11.obj
c:\users\marissa\documents\github\facemapping2\cput\build\intermediate\x32\debug_dx\v120\cputpostprocess.obj
c:\users\marissa\documents\github\facemapping2\cput\build\intermediate\x32\debug_dx\v120\cputtimerwin.obj
c:\users\marissa\documents\github\facemapping2\cput\build\intermediate\x32\debug_dx\v120\cputcheckbox.obj
c:\users\marissa\documents\github\facemapping2\cput\build\intermediate\x32\debug_dx\v120\cputguicontroller.obj
c:\users\marissa\documents\github\facemapping2\cput\build\intermediate\x32\debug_dx\v120\cputparser.obj
c:\users\marissa\documents\github\facemapping2\cput\build\intermediate\x32\debug_dx\v120\cputskeleton.obj
c:\users\marissa\documents\github\facemapping2\cput\build\intermediate\x32\debug_dx\v120\cputcomputeshaderdx11.obj
c:\users\marissa\documents\github\facemapping2\cput\build\intermediate\x32\debug_dx\v120\cputmeshdx11.obj
c:\users\marissa\documents\github\facemapping2\cput\build\intermediate\x32\debug_dx\v120\cput_dx11.obj
c:\users\marissa\documents\github\facemapping2\cput\build\intermediate\x32\debug_dx\v120\cputassetset.obj
c:\users\marissa\documents\github\facemapping2\cput\build\intermediate\x32\debug_dx\v120\cputmaterial.obj
c:\users\marissa\documents\github\facemapping2\cput\build\intermediate\x32\debug_dx\v120\cputrendernode.obj
c:\users\marissa\documents\github\facemapping2\cput\build\intermediate\x32\debug_dx\v120\cputtexture.obj
c:\users\marissa\documents\github\facemapping2\cput\build\intermediate\x32\debug_dx\v120\cputhullshaderdx11.obj
c:\users\marissa\documents\github\facemapping2\cput\build\intermediate\x32\debug_dx\v120\cputshaderdx11.obj
c:\users\marissa\documents\github\facemapping2\cput\build\intermediate\x32\debug_dx\v120\ddstextureloader.obj
c:\users\marissa\documents\github\facemapping2\cput\build\intermediate\x32\debug_dx\v120\wictextureloader.obj
c:\users\marissa\documents\github\facemapping2\cput\build\intermediate\x32\debug_dx\v120\cputcontrol.obj
c:\users\marissa\documents\github\facemapping2\cput\build\intermediate\x32\debug_dx\v120\cputdropdown.obj
c:\users\marissa\documents\github\facemapping2\cput\build\intermediate\x32\debug_dx\v120\cputnullnode.obj
c:\users\marissa\documents\github\facemapping2\cput\build\intermediate\x32\debug_dx\v120\cputsoftwaretexture.obj
c:\users\marissa\documents\github\facemapping2\cput\build\intermediate\x32\debug_dx\v120\cputdomainshaderdx11.obj
c:\users\marissa\documents\github\facemapping2\cput\build\intermediate\x32\debug_dx\v120\cputpixelshaderdx11.obj
c:\users\marissa\documents\github\facemapping2\cput\build\intermediate\x32\debug_dx\v120\cputosserviceswin.obj
c:\users\marissa\documents\github\facemapping2\cput\build\intermediate\x32\debug_dx\v120\cputanimation.obj
c:\users\marissa\documents\github\facemapping2\cput\build\intermediate\x32\debug_dx\v120\cputlight.obj
c:\users\marissa\documents\github\facemapping2\cput\build\intermediate\x32\debug_dx\v120\cputscene.obj
c:\users\marissa\documents\github\facemapping2\cput\build\intermediate\x32\debug_dx\v120\cputbufferdx11.obj
c:\users\marissa\documents\github\facemapping2\cput\build\intermediate\x32\debug_dx\v120\cputinputlayoutcachedx11.obj
c:\users\marissa\documents\github\facemapping2\cput\build\intermediate\x32\debug_dx\v120\cputtexturedx11.obj
c:\users\marissa\documents\github\facemapping2\cput\build\intermediate\x32\debug_dx\v120\cputbutton.obj
c:\users\marissa\documents\github\facemapping2\cput\build\intermediate\x32\debug_dx\v120\cputfrustum.obj
c:\users\marissa\documents\github\facemapping2\cput\build\intermediate\x32\debug_dx\v120\cputrenderstateblock.obj
c:\users\marissa\documents\github\facemapping2\cput\build\intermediate\x32\debug_dx\v120\cputsprite.obj
c:\users\marissa\documents\github\facemapping2\cput\build\intermediate\x32\debug_dx\v120\cputgeometryshaderdx11.obj
c:\users\marissa\documents\github\facemapping2\cput\build\intermediate\x32\debug_dx\v120\cputrenderstateblockdx11.obj
c:\users\marissa\documents\github\facemapping2\cput\build\intermediate\x32\debug_dx\v120\cputwindowwin.obj
c:\users\marissa\documents\github\facemapping2\cput\build\intermediate\x32\debug_dx\v120\cputconfigblock.obj
c:\users\marissa\documents\github\facemapping2\cput\build\intermediate\x32\debug_dx\v120\cputfont.obj
c:\users\marissa\documents\github\facemapping2\cput\build\intermediate\x32\debug_dx\v120\cputmodel.obj
c:\users\marissa\documents\github\facemapping2\cput\build\intermediate\x32\debug_dx\v120\cputtext.obj
c:\users\marissa\documents\github\facemapping2\cput\build\intermediate\x32\debug_dx\v120\cputguicontrollerdx11.obj
c:\users\marissa\documents\github\facemapping2\cput\build\intermediate\x32\debug_dx\v120\cputrendertarget.obj
c:\users\marissa\documents\github\facemapping2\cput\build\intermediate\x32\debug_dx\v120\screengrab.obj
c:\users\marissa\documents\github\facemapping2\cput\build\intermediate\x32\debug_dx\v120\cputassetlibrary.obj
c:\users\marissa\documents\github\facemapping2\cput\build\intermediate\x32\debug_dx\v120\cputmesh.obj
c:\users\marissa\documents\github\facemapping2\cput\build\intermediate\x32\debug_dx\v120\cputslider.obj
c:\users\marissa\documents\github\facemapping2\cput\build\intermediate\x32\debug_dx\v120\cputassetlibrarydx11.obj
c:\users\marissa\documents\github\facemapping2\cput\build\intermediate\x32\debug_dx\v120\cputmaterialdx11.obj
c:\users\marissa\documents\github\facemapping2\cput\build\intermediate\x32\debug_dx\v120\cputvertexshaderdx11.obj
c:\users\marissa\documents\github\facemapping2\cput\lib\x32\v120\debug\cputdx.lib
c:\users\marissa\documents\github\facemapping2\facescan\build\vs2013\..\..\..\cput\lib\x32\v120\debug\cputdx.lib
c:\users\marissa\documents\github\facemapping2\cput\build\intermediate\x32\debug_dx\v120\cputdx.tlog\cl.command.1.tlog
c:\users\marissa\documents\github\facemapping2\cput\build\intermediate\x32\debug_dx\v120\cputdx.tlog\cl.read.1.tlog
c:\users\marissa\documents\github\facemapping2\cput\build\intermediate\x32\debug_dx\v120\cputdx.tlog\cl.write.1.tlog
c:\users\marissa\documents\github\facemapping2\cput\build\intermediate\x32\debug_dx\v120\cputdx.tlog\lib-link.read.1.tlog
c:\users\marissa\documents\github\facemapping2\cput\build\intermediate\x32\debug_dx\v120\cputdx.tlog\lib-link.write.1.tlog
c:\users\marissa\documents\github\facemapping2\cput\build\intermediate\x32\debug_dx\v120\cputdx.tlog\lib.command.1.tlog
