c:\users\marissa\documents\github\facemapping2\facescan\build\intermediate\x32\debug_dx\v120\vc120.pdb
c:\users\marissa\documents\github\facemapping2\facescan\bin\v120\x32\facescandx_d.ilk
c:\users\marissa\documents\github\facemapping2\facescan\bin\v120\x32\facescandx_d.exe
c:\users\marissa\documents\github\facemapping2\facescan\bin\v120\x32\facescandx_d.pdb
c:\users\marissa\documents\github\facemapping2\facescan\build\intermediate\x32\debug_dx\v120\facescandx.res
c:\users\marissa\documents\github\facemapping2\facescan\build\intermediate\x32\debug_dx\v120\cdisplacementmapstage.obj
c:\users\marissa\documents\github\facemapping2\facescan\build\intermediate\x32\debug_dx\v120\cfacemodel.obj
c:\users\marissa\documents\github\facemapping2\facescan\build\intermediate\x32\debug_dx\v120\chairgeometrystage.obj
c:\users\marissa\documents\github\facemapping2\facescan\build\intermediate\x32\debug_dx\v120\cheadblendstage.obj
c:\users\marissa\documents\github\facemapping2\facescan\build\intermediate\x32\debug_dx\v120\cheadgeometrystage.obj
c:\users\marissa\documents\github\facemapping2\facescan\build\intermediate\x32\debug_dx\v120\cpipeline.obj
c:\users\marissa\documents\github\facemapping2\facescan\build\intermediate\x32\debug_dx\v120\facemaputil.obj
c:\users\marissa\documents\github\facemapping2\facescan\build\intermediate\x32\debug_dx\v120\gamefacescan.obj
c:\users\marissa\documents\github\facemapping2\facescan\build\intermediate\x32\debug_dx\v120\imgui.obj
c:\users\marissa\documents\github\facemapping2\facescan\build\intermediate\x32\debug_dx\v120\imgui_demo.obj
c:\users\marissa\documents\github\facemapping2\facescan\build\intermediate\x32\debug_dx\v120\imgui_draw.obj
c:\users\marissa\documents\github\facemapping2\facescan\build\intermediate\x32\debug_dx\v120\imgui_impl_dx11.obj
c:\users\marissa\documents\github\facemapping2\facescan\build\intermediate\x32\debug_dx\v120\menucontroller.obj
c:\users\marissa\documents\github\facemapping2\facescan\build\intermediate\x32\debug_dx\v120\menuglob.obj
c:\users\marissa\documents\github\facemapping2\facescan\build\intermediate\x32\debug_dx\v120\menu_facemapping.obj
c:\users\marissa\documents\github\facemapping2\facescan\build\intermediate\x32\debug_dx\v120\menu_facescanpreview.obj
c:\users\marissa\documents\github\facemapping2\facescan\build\intermediate\x32\debug_dx\v120\menu_landmarkedit.obj
c:\users\marissa\documents\github\facemapping2\facescan\build\intermediate\x32\debug_dx\v120\menu_scan.obj
c:\users\marissa\documents\github\facemapping2\facescan\build\intermediate\x32\debug_dx\v120\objexporter.obj
c:\users\marissa\documents\github\facemapping2\facescan\build\intermediate\x32\debug_dx\v120\objloader.obj
c:\users\marissa\documents\github\facemapping2\facescan\build\intermediate\x32\debug_dx\v120\samplestart.obj
c:\users\marissa\documents\github\facemapping2\facescan\build\intermediate\x32\debug_dx\v120\sampleutil.obj
c:\users\marissa\documents\github\facemapping2\facescan\build\intermediate\x32\debug_dx\v120\windowsmain.obj
c:\users\marissa\documents\github\facemapping2\facescan\build\intermediate\x32\debug_dx\v120\vc120.idb
c:\users\marissa\documents\github\facemapping2\facescan\build\intermediate\x32\debug_dx\v120\facescandx.tlog\cl.command.1.tlog
c:\users\marissa\documents\github\facemapping2\facescan\build\intermediate\x32\debug_dx\v120\facescandx.tlog\cl.read.1.tlog
c:\users\marissa\documents\github\facemapping2\facescan\build\intermediate\x32\debug_dx\v120\facescandx.tlog\cl.write.1.tlog
c:\users\marissa\documents\github\facemapping2\facescan\build\intermediate\x32\debug_dx\v120\facescandx.tlog\link.command.1.tlog
c:\users\marissa\documents\github\facemapping2\facescan\build\intermediate\x32\debug_dx\v120\facescandx.tlog\link.read.1.tlog
c:\users\marissa\documents\github\facemapping2\facescan\build\intermediate\x32\debug_dx\v120\facescandx.tlog\link.write.1.tlog
c:\users\marissa\documents\github\facemapping2\facescan\build\intermediate\x32\debug_dx\v120\facescandx.tlog\rc.command.1.tlog
c:\users\marissa\documents\github\facemapping2\facescan\build\intermediate\x32\debug_dx\v120\facescandx.tlog\rc.read.1.tlog
c:\users\marissa\documents\github\facemapping2\facescan\build\intermediate\x32\debug_dx\v120\facescandx.tlog\rc.write.1.tlog
